<?xml version="1.0" encoding="UTF-8"?>
<!-- Generated by org.testng.reporters.JUnitReportReporter -->
<testsuite skipped="0" hostname="f85f690c0556" name="com.newtours.tests.BookFlightTest" tests="10" failures="0" timestamp="08 Apr 2021 13:19:05 GMT" time="14.780" errors="0">
  <testcase name="registrationConfirmationPage" time="0.302" classname="com.newtours.tests.BookFlightTest"/>
  <testcase name="FlightconfirmationPage" time="0.676" classname="com.newtours.tests.BookFlightTest"/>
  <testcase name="FlightconfirmationPage" time="0.355" classname="com.newtours.tests.BookFlightTest"/>
  <testcase name="flightDetailsPage" time="1.936" classname="com.newtours.tests.BookFlightTest"/>
  <testcase name="findFlightPage" time="0.947" classname="com.newtours.tests.BookFlightTest"/>
  <testcase name="registrationConfirmationPage" time="0.231" classname="com.newtours.tests.BookFlightTest"/>
  <testcase name="registrationPage" time="4.356" classname="com.newtours.tests.BookFlightTest"/>
  <testcase name="flightDetailsPage" time="1.550" classname="com.newtours.tests.BookFlightTest"/>
  <testcase name="findFlightPage" time="0.422" classname="com.newtours.tests.BookFlightTest"/>
  <testcase name="registrationPage" time="4.005" classname="com.newtours.tests.BookFlightTest"/>
</testsuite> <!-- com.newtours.tests.BookFlightTest -->
