<?xml version="1.0" encoding="UTF-8"?>
<!-- Generated by org.testng.reporters.JUnitReportReporter -->
<testsuite skipped="0" hostname="5c56669cbddd" name="com.newtours.tests.BookFlightTest" tests="10" failures="0" timestamp="2021-06-17T10:13:34 GMT" time="26.882" errors="0">
  <testcase name="registrationConfirmationPage" time="0.491" classname="com.newtours.tests.BookFlightTest"/>
  <system-out/>
  <testcase name="FlightconfirmationPage" time="1.016" classname="com.newtours.tests.BookFlightTest"/>
  <system-out/>
  <testcase name="registrationPage" time="8.905" classname="com.newtours.tests.BookFlightTest"/>
  <system-out/>
  <testcase name="flightDetailsPage" time="2.386" classname="com.newtours.tests.BookFlightTest"/>
  <system-out/>
  <testcase name="findFlightPage" time="0.628" classname="com.newtours.tests.BookFlightTest"/>
  <system-out/>
  <testcase name="findFlightPage" time="1.133" classname="com.newtours.tests.BookFlightTest"/>
  <system-out/>
  <testcase name="registrationConfirmationPage" time="0.522" classname="com.newtours.tests.BookFlightTest"/>
  <system-out/>
  <testcase name="flightDetailsPage" time="1.643" classname="com.newtours.tests.BookFlightTest"/>
  <system-out/>
  <testcase name="FlightconfirmationPage" time="0.941" classname="com.newtours.tests.BookFlightTest"/>
  <system-out/>
  <testcase name="registrationPage" time="9.217" classname="com.newtours.tests.BookFlightTest"/>
  <system-out/>
</testsuite> <!-- com.newtours.tests.BookFlightTest -->
