<?xml version="1.0" encoding="UTF-8"?>
<!-- Generated by org.testng.reporters.JUnitReportReporter -->
<testsuite skipped="0" hostname="5211a7dc0902" name="com.newtours.tests.BookFlightTest" tests="10" failures="0" timestamp="08 Apr 2021 11:32:22 GMT" time="13.636" errors="0">
  <testcase name="flightDetailsPage" time="1.887" classname="com.newtours.tests.BookFlightTest"/>
  <testcase name="findFlightPage" time="0.596" classname="com.newtours.tests.BookFlightTest"/>
  <testcase name="registrationConfirmationPage" time="0.206" classname="com.newtours.tests.BookFlightTest"/>
  <testcase name="FlightconfirmationPage" time="0.472" classname="com.newtours.tests.BookFlightTest"/>
  <testcase name="registrationPage" time="3.854" classname="com.newtours.tests.BookFlightTest"/>
  <testcase name="registrationPage" time="4.137" classname="com.newtours.tests.BookFlightTest"/>
  <testcase name="FlightconfirmationPage" time="0.344" classname="com.newtours.tests.BookFlightTest"/>
  <testcase name="findFlightPage" time="0.412" classname="com.newtours.tests.BookFlightTest"/>
  <testcase name="flightDetailsPage" time="1.532" classname="com.newtours.tests.BookFlightTest"/>
  <testcase name="registrationConfirmationPage" time="0.196" classname="com.newtours.tests.BookFlightTest"/>
</testsuite> <!-- com.newtours.tests.BookFlightTest -->
