<?xml version="1.0" encoding="UTF-8"?>
<!-- Generated by org.testng.reporters.JUnitReportReporter -->
<testsuite skipped="0" hostname="f92f330ce1a4" name="com.newtours.tests.BookFlightTest" tests="10" failures="0" timestamp="07 Apr 2021 10:00:11 GMT" time="14.358" errors="0">
  <testcase name="FlightconfirmationPage" time="0.526" classname="com.newtours.tests.BookFlightTest"/>
  <testcase name="registrationConfirmationPage" time="0.570" classname="com.newtours.tests.BookFlightTest"/>
  <testcase name="FlightconfirmationPage" time="0.542" classname="com.newtours.tests.BookFlightTest"/>
  <testcase name="registrationPage" time="4.430" classname="com.newtours.tests.BookFlightTest"/>
  <testcase name="registrationConfirmationPage" time="0.230" classname="com.newtours.tests.BookFlightTest"/>
  <testcase name="findFlightPage" time="0.467" classname="com.newtours.tests.BookFlightTest"/>
  <testcase name="registrationPage" time="3.682" classname="com.newtours.tests.BookFlightTest"/>
  <testcase name="flightDetailsPage" time="1.783" classname="com.newtours.tests.BookFlightTest"/>
  <testcase name="findFlightPage" time="0.462" classname="com.newtours.tests.BookFlightTest"/>
  <testcase name="flightDetailsPage" time="1.666" classname="com.newtours.tests.BookFlightTest"/>
</testsuite> <!-- com.newtours.tests.BookFlightTest -->
