<?xml version="1.0" encoding="UTF-8"?>
<!-- Generated by org.testng.reporters.JUnitReportReporter -->
<testsuite skipped="0" hostname="5a293f32907a" name="com.newtours.tests.BookFlightTest" tests="10" failures="0" timestamp="09 Apr 2021 10:31:30 GMT" time="30.728" errors="0">
  <testcase name="registrationPage" time="8.634" classname="com.newtours.tests.BookFlightTest"/>
  <testcase name="registrationConfirmationPage" time="0.247" classname="com.newtours.tests.BookFlightTest"/>
  <testcase name="FlightconfirmationPage" time="0.405" classname="com.newtours.tests.BookFlightTest"/>
  <testcase name="registrationPage" time="15.489" classname="com.newtours.tests.BookFlightTest"/>
  <testcase name="FlightconfirmationPage" time="0.586" classname="com.newtours.tests.BookFlightTest"/>
  <testcase name="registrationConfirmationPage" time="0.145" classname="com.newtours.tests.BookFlightTest"/>
  <testcase name="flightDetailsPage" time="1.774" classname="com.newtours.tests.BookFlightTest"/>
  <testcase name="findFlightPage" time="0.666" classname="com.newtours.tests.BookFlightTest"/>
  <testcase name="flightDetailsPage" time="1.991" classname="com.newtours.tests.BookFlightTest"/>
  <testcase name="findFlightPage" time="0.791" classname="com.newtours.tests.BookFlightTest"/>
</testsuite> <!-- com.newtours.tests.BookFlightTest -->
