<?xml version="1.0" encoding="UTF-8"?>
<!-- Generated by org.testng.reporters.JUnitReportReporter -->
<testsuite skipped="0" hostname="b38936647cf1" name="com.newtours.tests.BookFlightTest" tests="5" failures="0" timestamp="2021-06-17T10:13:50 GMT" time="10.305" errors="0">
  <testcase name="registrationConfirmationPage" time="0.167" classname="com.newtours.tests.BookFlightTest"/>
  <system-out/>
  <testcase name="flightDetailsPage" time="1.819" classname="com.newtours.tests.BookFlightTest"/>
  <system-out/>
  <testcase name="registrationPage" time="7.185" classname="com.newtours.tests.BookFlightTest"/>
  <system-out/>
  <testcase name="FlightconfirmationPage" time="0.462" classname="com.newtours.tests.BookFlightTest"/>
  <system-out/>
  <testcase name="findFlightPage" time="0.672" classname="com.newtours.tests.BookFlightTest"/>
  <system-out/>
</testsuite> <!-- com.newtours.tests.BookFlightTest -->
