<?xml version="1.0" encoding="UTF-8"?>
<!-- Generated by org.testng.reporters.JUnitReportReporter -->
<testsuite skipped="0" hostname="cb372d074d94" name="com.newtours.tests.BookFlightTest" tests="10" failures="0" timestamp="07 Apr 2021 10:00:18 GMT" time="15.687" errors="0">
  <testcase name="flightDetailsPage" time="2.302" classname="com.newtours.tests.BookFlightTest"/>
  <testcase name="flightDetailsPage" time="1.790" classname="com.newtours.tests.BookFlightTest"/>
  <testcase name="FlightconfirmationPage" time="0.458" classname="com.newtours.tests.BookFlightTest"/>
  <testcase name="registrationPage" time="4.276" classname="com.newtours.tests.BookFlightTest"/>
  <testcase name="FlightconfirmationPage" time="0.526" classname="com.newtours.tests.BookFlightTest"/>
  <testcase name="findFlightPage" time="0.690" classname="com.newtours.tests.BookFlightTest"/>
  <testcase name="findFlightPage" time="1.003" classname="com.newtours.tests.BookFlightTest"/>
  <testcase name="registrationConfirmationPage" time="0.166" classname="com.newtours.tests.BookFlightTest"/>
  <testcase name="registrationConfirmationPage" time="0.238" classname="com.newtours.tests.BookFlightTest"/>
  <testcase name="registrationPage" time="4.238" classname="com.newtours.tests.BookFlightTest"/>
</testsuite> <!-- com.newtours.tests.BookFlightTest -->
