<?xml version="1.0" encoding="UTF-8"?>
<!-- Generated by org.testng.reporters.JUnitReportReporter -->
<testsuite skipped="0" hostname="2d98c3a42518" name="com.newtours.tests.BookFlightTest" tests="10" failures="0" timestamp="08 Apr 2021 13:19:14 GMT" time="16.353" errors="0">
  <testcase name="findFlightPage" time="0.897" classname="com.newtours.tests.BookFlightTest"/>
  <testcase name="findFlightPage" time="0.687" classname="com.newtours.tests.BookFlightTest"/>
  <testcase name="FlightconfirmationPage" time="0.402" classname="com.newtours.tests.BookFlightTest"/>
  <testcase name="registrationConfirmationPage" time="0.150" classname="com.newtours.tests.BookFlightTest"/>
  <testcase name="flightDetailsPage" time="2.151" classname="com.newtours.tests.BookFlightTest"/>
  <testcase name="flightDetailsPage" time="1.827" classname="com.newtours.tests.BookFlightTest"/>
  <testcase name="registrationConfirmationPage" time="0.261" classname="com.newtours.tests.BookFlightTest"/>
  <testcase name="FlightconfirmationPage" time="0.747" classname="com.newtours.tests.BookFlightTest"/>
  <testcase name="registrationPage" time="4.863" classname="com.newtours.tests.BookFlightTest"/>
  <testcase name="registrationPage" time="4.368" classname="com.newtours.tests.BookFlightTest"/>
</testsuite> <!-- com.newtours.tests.BookFlightTest -->
