<?xml version="1.0" encoding="UTF-8"?>
<!-- Generated by org.testng.reporters.JUnitReportReporter -->
<testsuite skipped="0" hostname="cb372d074d94" name="com.newtours.tests.BookFlightTest" tests="10" failures="0" timestamp="08 Apr 2021 11:32:31 GMT" time="17.939" errors="0">
  <testcase name="flightDetailsPage" time="1.782" classname="com.newtours.tests.BookFlightTest"/>
  <testcase name="registrationPage" time="5.602" classname="com.newtours.tests.BookFlightTest"/>
  <testcase name="registrationConfirmationPage" time="0.295" classname="com.newtours.tests.BookFlightTest"/>
  <testcase name="registrationPage" time="5.634" classname="com.newtours.tests.BookFlightTest"/>
  <testcase name="flightDetailsPage" time="1.995" classname="com.newtours.tests.BookFlightTest"/>
  <testcase name="FlightconfirmationPage" time="0.632" classname="com.newtours.tests.BookFlightTest"/>
  <testcase name="registrationConfirmationPage" time="0.157" classname="com.newtours.tests.BookFlightTest"/>
  <testcase name="findFlightPage" time="0.639" classname="com.newtours.tests.BookFlightTest"/>
  <testcase name="FlightconfirmationPage" time="0.386" classname="com.newtours.tests.BookFlightTest"/>
  <testcase name="findFlightPage" time="0.817" classname="com.newtours.tests.BookFlightTest"/>
</testsuite> <!-- com.newtours.tests.BookFlightTest -->
